{"/home/rathboma/Projects/beekeeper-studio/queryleaf/packages/postgres-server/src/pg-server.ts": {"path":"/home/rathboma/Projects/beekeeper-studio/queryleaf/packages/postgres-server/src/pg-server.ts","statementMap":{"0":{"start":{"line":3,"column":0},"end":{"line":3,"column":43}},"1":{"start":{"line":4,"column":0},"end":{"line":4,"column":38}},"2":{"start":{"line":5,"column":0},"end":{"line":5,"column":43}},"3":{"start":{"line":6,"column":0},"end":{"line":6,"column":9}},"4":{"start":{"line":173,"column":25},"end":{"line":6,"column":53}},"5":{"start":{"line":7,"column":0},"end":{"line":7,"column":29}},"6":{"start":{"line":8,"column":0},"end":{"line":8,"column":26}},"7":{"start":{"line":9,"column":0},"end":{"line":9,"column":40}},"8":{"start":{"line":11,"column":14},"end":{"line":11,"column":45}},"9":{"start":{"line":14,"column":13},"end":{"line":48,"column":14}},"10":{"start":{"line":57,"column":10},"end":{"line":57,"column":56}},"11":{"start":{"line":75,"column":4},"end":{"line":75,"column":35}},"12":{"start":{"line":76,"column":4},"end":{"line":76,"column":56}},"13":{"start":{"line":77,"column":4},"end":{"line":77,"column":49}},"14":{"start":{"line":80,"column":4},"end":{"line":99,"column":7}},"15":{"start":{"line":81,"column":6},"end":{"line":81,"column":80}},"16":{"start":{"line":84,"column":6},"end":{"line":88,"column":7}},"17":{"start":{"line":85,"column":8},"end":{"line":85,"column":89}},"18":{"start":{"line":86,"column":8},"end":{"line":86,"column":21}},"19":{"start":{"line":87,"column":8},"end":{"line":87,"column":15}},"20":{"start":{"line":91,"column":22},"end":{"line":91,"column":65}},"21":{"start":{"line":92,"column":6},"end":{"line":92,"column":36}},"22":{"start":{"line":95,"column":6},"end":{"line":98,"column":9}},"23":{"start":{"line":96,"column":8},"end":{"line":96,"column":85}},"24":{"start":{"line":97,"column":8},"end":{"line":97,"column":41}},"25":{"start":{"line":102,"column":4},"end":{"line":105,"column":7}},"26":{"start":{"line":103,"column":6},"end":{"line":103,"column":87}},"27":{"start":{"line":104,"column":6},"end":{"line":104,"column":91}},"28":{"start":{"line":108,"column":4},"end":{"line":110,"column":7}},"29":{"start":{"line":109,"column":6},"end":{"line":109,"column":42}},"30":{"start":{"line":113,"column":4},"end":{"line":113,"column":48}},"31":{"start":{"line":113,"column":31},"end":{"line":113,"column":46}},"32":{"start":{"line":114,"column":4},"end":{"line":114,"column":49}},"33":{"start":{"line":114,"column":32},"end":{"line":114,"column":47}},"34":{"start":{"line":121,"column":4},"end":{"line":121,"column":37}},"35":{"start":{"line":124,"column":4},"end":{"line":124,"column":24}},"36":{"start":{"line":127,"column":4},"end":{"line":127,"column":35}},"37":{"start":{"line":129,"column":4},"end":{"line":129,"column":28}},"38":{"start":{"line":130,"column":4},"end":{"line":130,"column":20}},"39":{"start":{"line":173,"column":9},"end":{"line":173,"column":23}},"40":{"start":{"line":138,"column":50},"end":{"line":138,"column":54}},"41":{"start":{"line":140,"column":2},"end":{"line":162,"column":3}},"42":{"start":{"line":142,"column":4},"end":{"line":142,"column":43}},"43":{"start":{"line":143,"column":24},"end":{"line":143,"column":54}},"44":{"start":{"line":144,"column":4},"end":{"line":144,"column":32}},"45":{"start":{"line":145,"column":4},"end":{"line":145,"column":57}},"46":{"start":{"line":148,"column":4},"end":{"line":152,"column":7}},"47":{"start":{"line":154,"column":4},"end":{"line":154,"column":88}},"48":{"start":{"line":155,"column":4},"end":{"line":155,"column":56}},"49":{"start":{"line":156,"column":4},"end":{"line":156,"column":84}},"50":{"start":{"line":157,"column":4},"end":{"line":157,"column":87}},"51":{"start":{"line":158,"column":4},"end":{"line":158,"column":51}},"52":{"start":{"line":160,"column":4},"end":{"line":160,"column":51}},"53":{"start":{"line":161,"column":4},"end":{"line":161,"column":20}},"54":{"start":{"line":166,"column":0},"end":{"line":171,"column":1}},"55":{"start":{"line":167,"column":2},"end":{"line":170,"column":5}},"56":{"start":{"line":168,"column":4},"end":{"line":168,"column":96}},"57":{"start":{"line":169,"column":4},"end":{"line":169,"column":20}}},"fnMap":{"0":{"name":"(anonymous_1)","decl":{"start":{"line":173,"column":25},"end":{"line":173,"column":40}},"loc":{"start":{"line":173,"column":25},"end":{"line":6,"column":53}}},"1":{"name":"(anonymous_2)","decl":{"start":{"line":66,"column":2},"end":{"line":66,"column":null}},"loc":{"start":{"line":73,"column":5},"end":{"line":115,"column":3}}},"2":{"name":"(anonymous_3)","decl":{"start":{"line":80,"column":31},"end":{"line":80,"column":32}},"loc":{"start":{"line":80,"column":42},"end":{"line":99,"column":5}}},"3":{"name":"(anonymous_4)","decl":{"start":{"line":95,"column":25},"end":{"line":95,"column":28}},"loc":{"start":{"line":95,"column":30},"end":{"line":98,"column":7}}},"4":{"name":"(anonymous_5)","decl":{"start":{"line":102,"column":51},"end":{"line":102,"column":54}},"loc":{"start":{"line":102,"column":56},"end":{"line":105,"column":5}}},"5":{"name":"(anonymous_6)","decl":{"start":{"line":108,"column":28},"end":{"line":108,"column":29}},"loc":{"start":{"line":108,"column":36},"end":{"line":110,"column":5}}},"6":{"name":"(anonymous_7)","decl":{"start":{"line":113,"column":25},"end":{"line":113,"column":28}},"loc":{"start":{"line":113,"column":31},"end":{"line":113,"column":46}}},"7":{"name":"(anonymous_8)","decl":{"start":{"line":114,"column":26},"end":{"line":114,"column":29}},"loc":{"start":{"line":114,"column":32},"end":{"line":114,"column":47}}},"8":{"name":"(anonymous_9)","decl":{"start":{"line":120,"column":2},"end":{"line":120,"column":7}},"loc":{"start":{"line":120,"column":16},"end":{"line":131,"column":3}}},"9":{"name":"main","decl":{"start":{"line":137,"column":15},"end":{"line":137,"column":19}},"loc":{"start":{"line":137,"column":19},"end":{"line":163,"column":1}}},"10":{"name":"(anonymous_11)","decl":{"start":{"line":167,"column":15},"end":{"line":167,"column":20}},"loc":{"start":{"line":167,"column":23},"end":{"line":170,"column":3}}}},"branchMap":{"0":{"loc":{"start":{"line":84,"column":6},"end":{"line":88,"column":7}},"type":"if","locations":[{"start":{"line":84,"column":6},"end":{"line":88,"column":7}}]},"1":{"loc":{"start":{"line":166,"column":0},"end":{"line":171,"column":1}},"type":"if","locations":[{"start":{"line":166,"column":0},"end":{"line":171,"column":1}}]},"2":{"loc":{"start":{"line":168,"column":38},"end":{"line":168,"column":92}},"type":"cond-expr","locations":[{"start":{"line":168,"column":63},"end":{"line":168,"column":76}},{"start":{"line":168,"column":79},"end":{"line":168,"column":92}}]}},"s":{"0":0,"1":0,"2":0,"3":0,"4":0,"5":0,"6":0,"7":0,"8":0,"9":0,"10":0,"11":0,"12":0,"13":0,"14":0,"15":0,"16":0,"17":0,"18":0,"19":0,"20":0,"21":0,"22":0,"23":0,"24":0,"25":0,"26":0,"27":0,"28":0,"29":0,"30":0,"31":0,"32":0,"33":0,"34":0,"35":0,"36":0,"37":0,"38":0,"39":0,"40":0,"41":0,"42":0,"43":0,"44":0,"45":0,"46":0,"47":0,"48":0,"49":0,"50":0,"51":0,"52":0,"53":0,"54":0,"55":0,"56":0,"57":0},"f":{"0":0,"1":0,"2":0,"3":0,"4":0,"5":0,"6":0,"7":0,"8":0,"9":0,"10":0},"b":{"0":[0],"1":[0],"2":[0,0]}}
,"/home/rathboma/Projects/beekeeper-studio/queryleaf/packages/postgres-server/src/protocol-handler.ts": {"path":"/home/rathboma/Projects/beekeeper-studio/queryleaf/packages/postgres-server/src/protocol-handler.ts","statementMap":{"0":{"start":{"line":4,"column":0},"end":{"line":4,"column":29}},"1":{"start":{"line":6,"column":14},"end":{"line":6,"column":54}},"2":{"start":{"line":49,"column":19},"end":{"line":49,"column":34}},"3":{"start":{"line":50,"column":20},"end":{"line":50,"column":44}},"4":{"start":{"line":51,"column":4},"end":{"line":51,"column":36}},"5":{"start":{"line":52,"column":4},"end":{"line":52,"column":37}},"6":{"start":{"line":53,"column":4},"end":{"line":53,"column":26}},"7":{"start":{"line":54,"column":4},"end":{"line":54,"column":19}},"8":{"start":{"line":59,"column":4},"end":{"line":59,"column":43}},"9":{"start":{"line":64,"column":17},"end":{"line":64,"column":32}},"10":{"start":{"line":65,"column":4},"end":{"line":65,"column":29}},"11":{"start":{"line":66,"column":4},"end":{"line":66,"column":59}},"12":{"start":{"line":71,"column":17},"end":{"line":71,"column":32}},"13":{"start":{"line":72,"column":4},"end":{"line":72,"column":29}},"14":{"start":{"line":73,"column":4},"end":{"line":73,"column":59}},"15":{"start":{"line":78,"column":23},"end":{"line":78,"column":52}},"16":{"start":{"line":79,"column":24},"end":{"line":79,"column":54}},"17":{"start":{"line":80,"column":17},"end":{"line":80,"column":57}},"18":{"start":{"line":81,"column":4},"end":{"line":81,"column":59}},"19":{"start":{"line":86,"column":17},"end":{"line":86,"column":32}},"20":{"start":{"line":87,"column":4},"end":{"line":87,"column":37}},"21":{"start":{"line":88,"column":4},"end":{"line":88,"column":37}},"22":{"start":{"line":89,"column":4},"end":{"line":89,"column":59}},"23":{"start":{"line":94,"column":17},"end":{"line":94,"column":32}},"24":{"start":{"line":95,"column":4},"end":{"line":95,"column":37}},"25":{"start":{"line":96,"column":4},"end":{"line":96,"column":59}},"26":{"start":{"line":102,"column":15},"end":{"line":102,"column":16}},"27":{"start":{"line":103,"column":4},"end":{"line":106,"column":5}},"28":{"start":{"line":104,"column":6},"end":{"line":104,"column":57}},"29":{"start":{"line":105,"column":6},"end":{"line":105,"column":17}},"30":{"start":{"line":108,"column":17},"end":{"line":108,"column":35}},"31":{"start":{"line":109,"column":4},"end":{"line":109,"column":41}},"32":{"start":{"line":111,"column":17},"end":{"line":111,"column":18}},"33":{"start":{"line":112,"column":4},"end":{"line":126,"column":5}},"34":{"start":{"line":113,"column":6},"end":{"line":113,"column":71}},"35":{"start":{"line":114,"column":6},"end":{"line":114,"column":53}},"36":{"start":{"line":115,"column":6},"end":{"line":115,"column":18}},"37":{"start":{"line":116,"column":6},"end":{"line":116,"column":54}},"38":{"start":{"line":117,"column":6},"end":{"line":117,"column":18}},"39":{"start":{"line":118,"column":6},"end":{"line":118,"column":57}},"40":{"start":{"line":119,"column":6},"end":{"line":119,"column":18}},"41":{"start":{"line":120,"column":6},"end":{"line":120,"column":58}},"42":{"start":{"line":121,"column":6},"end":{"line":121,"column":18}},"43":{"start":{"line":122,"column":6},"end":{"line":122,"column":62}},"44":{"start":{"line":123,"column":6},"end":{"line":123,"column":18}},"45":{"start":{"line":124,"column":6},"end":{"line":124,"column":51}},"46":{"start":{"line":125,"column":6},"end":{"line":125,"column":18}},"47":{"start":{"line":128,"column":4},"end":{"line":128,"column":59}},"48":{"start":{"line":134,"column":15},"end":{"line":134,"column":16}},"49":{"start":{"line":135,"column":4},"end":{"line":141,"column":5}},"50":{"start":{"line":136,"column":6},"end":{"line":140,"column":7}},"51":{"start":{"line":137,"column":8},"end":{"line":137,"column":18}},"52":{"start":{"line":139,"column":8},"end":{"line":139,"column":53}},"53":{"start":{"line":143,"column":17},"end":{"line":143,"column":35}},"54":{"start":{"line":144,"column":4},"end":{"line":144,"column":41}},"55":{"start":{"line":146,"column":17},"end":{"line":146,"column":18}},"56":{"start":{"line":147,"column":4},"end":{"line":158,"column":5}},"57":{"start":{"line":148,"column":6},"end":{"line":157,"column":7}},"58":{"start":{"line":149,"column":8},"end":{"line":149,"column":38}},"59":{"start":{"line":150,"column":8},"end":{"line":150,"column":20}},"60":{"start":{"line":152,"column":28},"end":{"line":152,"column":54}},"61":{"start":{"line":153,"column":8},"end":{"line":153,"column":54}},"62":{"start":{"line":154,"column":8},"end":{"line":154,"column":20}},"63":{"start":{"line":155,"column":8},"end":{"line":155,"column":39}},"64":{"start":{"line":156,"column":8},"end":{"line":156,"column":37}},"65":{"start":{"line":160,"column":4},"end":{"line":160,"column":59}},"66":{"start":{"line":165,"column":17},"end":{"line":165,"column":45}},"67":{"start":{"line":166,"column":4},"end":{"line":166,"column":59}},"68":{"start":{"line":171,"column":4},"end":{"line":171,"column":70}},"69":{"start":{"line":176,"column":4},"end":{"line":176,"column":70}},"70":{"start":{"line":182,"column":35},"end":{"line":182,"column":37}},"71":{"start":{"line":185,"column":4},"end":{"line":187,"column":5}},"72":{"start":{"line":186,"column":6},"end":{"line":186,"column":75}},"73":{"start":{"line":188,"column":4},"end":{"line":190,"column":5}},"74":{"start":{"line":189,"column":6},"end":{"line":189,"column":71}},"75":{"start":{"line":191,"column":4},"end":{"line":193,"column":5}},"76":{"start":{"line":192,"column":6},"end":{"line":192,"column":74}},"77":{"start":{"line":196,"column":4},"end":{"line":198,"column":5}},"78":{"start":{"line":197,"column":6},"end":{"line":197,"column":73}},"79":{"start":{"line":199,"column":4},"end":{"line":201,"column":5}},"80":{"start":{"line":200,"column":6},"end":{"line":200,"column":71}},"81":{"start":{"line":202,"column":4},"end":{"line":204,"column":5}},"82":{"start":{"line":203,"column":6},"end":{"line":203,"column":75}},"83":{"start":{"line":207,"column":4},"end":{"line":207,"column":40}},"84":{"start":{"line":209,"column":17},"end":{"line":209,"column":44}},"85":{"start":{"line":210,"column":4},"end":{"line":210,"column":59}},"86":{"start":{"line":216,"column":2},"end":{"line":360,"column":3}},"87":{"start":{"line":219,"column":18},"end":{"line":219,"column":63}},"88":{"start":{"line":220,"column":6},"end":{"line":224,"column":8}},"89":{"start":{"line":228,"column":49},"end":{"line":228,"column":51}},"90":{"start":{"line":229,"column":19},"end":{"line":229,"column":20}},"91":{"start":{"line":231,"column":6},"end":{"line":249,"column":7}},"92":{"start":{"line":232,"column":20},"end":{"line":232,"column":22}},"93":{"start":{"line":233,"column":8},"end":{"line":236,"column":9}},"94":{"start":{"line":234,"column":10},"end":{"line":234,"column":35}},"95":{"start":{"line":235,"column":10},"end":{"line":235,"column":19}},"96":{"start":{"line":237,"column":8},"end":{"line":237,"column":17}},"97":{"start":{"line":239,"column":8},"end":{"line":239,"column":36}},"98":{"start":{"line":239,"column":30},"end":{"line":239,"column":36}},"99":{"start":{"line":241,"column":22},"end":{"line":241,"column":24}},"100":{"start":{"line":242,"column":8},"end":{"line":245,"column":9}},"101":{"start":{"line":243,"column":10},"end":{"line":243,"column":37}},"102":{"start":{"line":244,"column":10},"end":{"line":244,"column":19}},"103":{"start":{"line":246,"column":8},"end":{"line":246,"column":17}},"104":{"start":{"line":248,"column":8},"end":{"line":248,"column":92}},"105":{"start":{"line":251,"column":6},"end":{"line":255,"column":8}},"106":{"start":{"line":258,"column":26},"end":{"line":258,"column":71}},"107":{"start":{"line":259,"column":6},"end":{"line":263,"column":8}},"108":{"start":{"line":266,"column":19},"end":{"line":266,"column":20}},"109":{"start":{"line":269,"column":24},"end":{"line":269,"column":30}},"110":{"start":{"line":270,"column":6},"end":{"line":270,"column":44}},"111":{"start":{"line":270,"column":35},"end":{"line":270,"column":44}},"112":{"start":{"line":271,"column":19},"end":{"line":271,"column":61}},"113":{"start":{"line":272,"column":6},"end":{"line":272,"column":15}},"114":{"start":{"line":275,"column":25},"end":{"line":275,"column":31}},"115":{"start":{"line":276,"column":6},"end":{"line":276,"column":44}},"116":{"start":{"line":276,"column":35},"end":{"line":276,"column":44}},"117":{"start":{"line":277,"column":20},"end":{"line":277,"column":63}},"118":{"start":{"line":278,"column":6},"end":{"line":278,"column":15}},"119":{"start":{"line":281,"column":24},"end":{"line":281,"column":51}},"120":{"start":{"line":282,"column":6},"end":{"line":282,"column":18}},"121":{"start":{"line":284,"column":26},"end":{"line":284,"column":28}},"122":{"start":{"line":285,"column":6},"end":{"line":288,"column":7}},"123":{"start":{"line":285,"column":19},"end":{"line":285,"column":20}},"124":{"start":{"line":286,"column":8},"end":{"line":286,"column":54}},"125":{"start":{"line":287,"column":8},"end":{"line":287,"column":20}},"126":{"start":{"line":290,"column":6},"end":{"line":296,"column":8}},"127":{"start":{"line":300,"column":6},"end":{"line":303,"column":8}},"128":{"start":{"line":306,"column":25},"end":{"line":306,"column":34}},"129":{"start":{"line":307,"column":24},"end":{"line":307,"column":25}},"130":{"start":{"line":308,"column":19},"end":{"line":308,"column":28}},"131":{"start":{"line":309,"column":6},"end":{"line":309,"column":44}},"132":{"start":{"line":309,"column":35},"end":{"line":309,"column":44}},"133":{"start":{"line":310,"column":19},"end":{"line":310,"column":61}},"134":{"start":{"line":312,"column":6},"end":{"line":317,"column":8}},"135":{"start":{"line":320,"column":19},"end":{"line":320,"column":20}},"136":{"start":{"line":323,"column":26},"end":{"line":323,"column":32}},"137":{"start":{"line":324,"column":6},"end":{"line":324,"column":44}},"138":{"start":{"line":324,"column":35},"end":{"line":324,"column":44}},"139":{"start":{"line":325,"column":21},"end":{"line":325,"column":65}},"140":{"start":{"line":326,"column":6},"end":{"line":326,"column":15}},"141":{"start":{"line":329,"column":22},"end":{"line":329,"column":49}},"142":{"start":{"line":330,"column":6},"end":{"line":330,"column":18}},"143":{"start":{"line":332,"column":6},"end":{"line":337,"column":8}},"144":{"start":{"line":340,"column":6},"end":{"line":343,"column":8}},"145":{"start":{"line":346,"column":6},"end":{"line":349,"column":8}},"146":{"start":{"line":352,"column":6},"end":{"line":355,"column":8}},"147":{"start":{"line":359,"column":6},"end":{"line":359,"column":18}},"148":{"start":{"line":364,"column":2},"end":{"line":364,"column":35}},"149":{"start":{"line":364,"column":25},"end":{"line":364,"column":35}},"150":{"start":{"line":366,"column":2},"end":{"line":368,"column":3}},"151":{"start":{"line":367,"column":4},"end":{"line":367,"column":16}},"152":{"start":{"line":369,"column":2},"end":{"line":369,"column":39}},"153":{"start":{"line":378,"column":10},"end":{"line":378,"column":37}},"154":{"start":{"line":379,"column":10},"end":{"line":379,"column":41}},"155":{"start":{"line":381,"column":10},"end":{"line":381,"column":43}},"156":{"start":{"line":382,"column":10},"end":{"line":382,"column":32}},"157":{"start":{"line":383,"column":10},"end":{"line":383,"column":32}},"158":{"start":{"line":384,"column":10},"end":{"line":384,"column":62}},"159":{"start":{"line":387,"column":4},"end":{"line":387,"column":25}},"160":{"start":{"line":388,"column":4},"end":{"line":388,"column":31}},"161":{"start":{"line":389,"column":4},"end":{"line":389,"column":39}},"162":{"start":{"line":391,"column":4},"end":{"line":391,"column":60}},"163":{"start":{"line":391,"column":37},"end":{"line":391,"column":58}},"164":{"start":{"line":392,"column":4},"end":{"line":392,"column":60}},"165":{"start":{"line":392,"column":37},"end":{"line":392,"column":58}},"166":{"start":{"line":393,"column":4},"end":{"line":393,"column":54}},"167":{"start":{"line":393,"column":34},"end":{"line":393,"column":52}},"168":{"start":{"line":400,"column":4},"end":{"line":400,"column":53}},"169":{"start":{"line":403,"column":4},"end":{"line":425,"column":5}},"170":{"start":{"line":404,"column":6},"end":{"line":424,"column":7}},"171":{"start":{"line":405,"column":28},"end":{"line":405,"column":56}},"172":{"start":{"line":406,"column":24},"end":{"line":406,"column":62}},"173":{"start":{"line":408,"column":8},"end":{"line":411,"column":9}},"174":{"start":{"line":410,"column":10},"end":{"line":410,"column":16}},"175":{"start":{"line":414,"column":8},"end":{"line":414,"column":59}},"176":{"start":{"line":416,"column":8},"end":{"line":416,"column":62}},"177":{"start":{"line":419,"column":8},"end":{"line":419,"column":65}},"178":{"start":{"line":421,"column":8},"end":{"line":421,"column":45}},"179":{"start":{"line":423,"column":8},"end":{"line":423,"column":14}},"180":{"start":{"line":432,"column":4},"end":{"line":432,"column":42}},"181":{"start":{"line":434,"column":4},"end":{"line":469,"column":5}},"182":{"start":{"line":436,"column":8},"end":{"line":436,"column":36}},"183":{"start":{"line":437,"column":8},"end":{"line":437,"column":14}},"184":{"start":{"line":439,"column":8},"end":{"line":439,"column":37}},"185":{"start":{"line":440,"column":8},"end":{"line":440,"column":14}},"186":{"start":{"line":442,"column":8},"end":{"line":442,"column":47}},"187":{"start":{"line":443,"column":8},"end":{"line":443,"column":14}},"188":{"start":{"line":445,"column":8},"end":{"line":445,"column":34}},"189":{"start":{"line":446,"column":8},"end":{"line":446,"column":14}},"190":{"start":{"line":448,"column":8},"end":{"line":448,"column":33}},"191":{"start":{"line":449,"column":8},"end":{"line":449,"column":14}},"192":{"start":{"line":451,"column":8},"end":{"line":451,"column":37}},"193":{"start":{"line":452,"column":8},"end":{"line":452,"column":14}},"194":{"start":{"line":454,"column":8},"end":{"line":454,"column":36}},"195":{"start":{"line":455,"column":8},"end":{"line":455,"column":14}},"196":{"start":{"line":457,"column":8},"end":{"line":457,"column":26}},"197":{"start":{"line":458,"column":8},"end":{"line":458,"column":14}},"198":{"start":{"line":460,"column":8},"end":{"line":460,"column":27}},"199":{"start":{"line":461,"column":8},"end":{"line":461,"column":14}},"200":{"start":{"line":463,"column":8},"end":{"line":463,"column":31}},"201":{"start":{"line":464,"column":8},"end":{"line":464,"column":14}},"202":{"start":{"line":466,"column":8},"end":{"line":466,"column":47}},"203":{"start":{"line":468,"column":8},"end":{"line":468,"column":68}},"204":{"start":{"line":476,"column":4},"end":{"line":476,"column":39}},"205":{"start":{"line":479,"column":4},"end":{"line":493,"column":5}},"206":{"start":{"line":480,"column":19},"end":{"line":480,"column":42}},"207":{"start":{"line":481,"column":23},"end":{"line":481,"column":50}},"208":{"start":{"line":483,"column":6},"end":{"line":488,"column":7}},"209":{"start":{"line":484,"column":8},"end":{"line":487,"column":10}},"210":{"start":{"line":490,"column":6},"end":{"line":492,"column":7}},"211":{"start":{"line":491,"column":8},"end":{"line":491,"column":33}},"212":{"start":{"line":497,"column":4},"end":{"line":497,"column":37}},"213":{"start":{"line":504,"column":4},"end":{"line":504,"column":39}},"214":{"start":{"line":509,"column":4},"end":{"line":509,"column":30}},"215":{"start":{"line":512,"column":4},"end":{"line":512,"column":32}},"216":{"start":{"line":513,"column":4},"end":{"line":513,"column":31}},"217":{"start":{"line":514,"column":4},"end":{"line":514,"column":30}},"218":{"start":{"line":515,"column":4},"end":{"line":515,"column":29}},"219":{"start":{"line":522,"column":4},"end":{"line":522,"column":41}},"220":{"start":{"line":524,"column":4},"end":{"line":527,"column":5}},"221":{"start":{"line":525,"column":6},"end":{"line":525,"column":50}},"222":{"start":{"line":526,"column":6},"end":{"line":526,"column":13}},"223":{"start":{"line":529,"column":4},"end":{"line":594,"column":5}},"224":{"start":{"line":531,"column":6},"end":{"line":546,"column":7}},"225":{"start":{"line":532,"column":8},"end":{"line":532,"column":34}},"226":{"start":{"line":533,"column":8},"end":{"line":533,"column":42}},"227":{"start":{"line":534,"column":8},"end":{"line":534,"column":33}},"228":{"start":{"line":535,"column":8},"end":{"line":535,"column":15}},"229":{"start":{"line":536,"column":13},"end":{"line":546,"column":7}},"230":{"start":{"line":537,"column":8},"end":{"line":537,"column":35}},"231":{"start":{"line":538,"column":8},"end":{"line":538,"column":43}},"232":{"start":{"line":539,"column":8},"end":{"line":539,"column":33}},"233":{"start":{"line":540,"column":8},"end":{"line":540,"column":15}},"234":{"start":{"line":541,"column":13},"end":{"line":546,"column":7}},"235":{"start":{"line":542,"column":8},"end":{"line":542,"column":35}},"236":{"start":{"line":543,"column":8},"end":{"line":543,"column":45}},"237":{"start":{"line":544,"column":8},"end":{"line":544,"column":33}},"238":{"start":{"line":545,"column":8},"end":{"line":545,"column":15}},"239":{"start":{"line":549,"column":21},"end":{"line":549,"column":62}},"240":{"start":{"line":552,"column":23},"end":{"line":552,"column":31}},"241":{"start":{"line":553,"column":6},"end":{"line":562,"column":7}},"242":{"start":{"line":554,"column":22},"end":{"line":554,"column":63}},"243":{"start":{"line":555,"column":8},"end":{"line":555,"column":41}},"244":{"start":{"line":556,"column":13},"end":{"line":562,"column":7}},"245":{"start":{"line":557,"column":22},"end":{"line":557,"column":48}},"246":{"start":{"line":558,"column":8},"end":{"line":558,"column":39}},"247":{"start":{"line":559,"column":13},"end":{"line":562,"column":7}},"248":{"start":{"line":560,"column":22},"end":{"line":560,"column":47}},"249":{"start":{"line":561,"column":8},"end":{"line":561,"column":39}},"250":{"start":{"line":565,"column":6},"end":{"line":585,"column":7}},"251":{"start":{"line":566,"column":8},"end":{"line":580,"column":9}},"252":{"start":{"line":568,"column":30},"end":{"line":568,"column":52}},"253":{"start":{"line":571,"column":10},"end":{"line":571,"column":47}},"254":{"start":{"line":574,"column":10},"end":{"line":576,"column":11}},"255":{"start":{"line":575,"column":12},"end":{"line":575,"column":63}},"256":{"start":{"line":575,"column":52},"end":{"line":575,"column":60}},"257":{"start":{"line":579,"column":10},"end":{"line":579,"column":38}},"258":{"start":{"line":584,"column":8},"end":{"line":584,"column":36}},"259":{"start":{"line":588,"column":6},"end":{"line":588,"column":43}},"260":{"start":{"line":589,"column":6},"end":{"line":589,"column":31}},"261":{"start":{"line":591,"column":6},"end":{"line":591,"column":33}},"262":{"start":{"line":592,"column":6},"end":{"line":592,"column":97}},"263":{"start":{"line":593,"column":6},"end":{"line":593,"column":31}},"264":{"start":{"line":601,"column":28},"end":{"line":601,"column":35}},"265":{"start":{"line":603,"column":4},"end":{"line":603,"column":41}},"266":{"start":{"line":605,"column":4},"end":{"line":615,"column":5}},"267":{"start":{"line":607,"column":6},"end":{"line":609,"column":7}},"268":{"start":{"line":608,"column":8},"end":{"line":608,"column":49}},"269":{"start":{"line":612,"column":6},"end":{"line":612,"column":56}},"270":{"start":{"line":614,"column":6},"end":{"line":614,"column":97}},"271":{"start":{"line":622,"column":4},"end":{"line":622,"column":36}},"272":{"start":{"line":626,"column":4},"end":{"line":626,"column":53}},"273":{"start":{"line":633,"column":4},"end":{"line":633,"column":40}},"274":{"start":{"line":635,"column":17},"end":{"line":635,"column":31}},"275":{"start":{"line":636,"column":17},"end":{"line":636,"column":29}},"276":{"start":{"line":638,"column":4},"end":{"line":653,"column":5}},"277":{"start":{"line":640,"column":20},"end":{"line":640,"column":53}},"278":{"start":{"line":642,"column":6},"end":{"line":645,"column":7}},"279":{"start":{"line":643,"column":8},"end":{"line":643,"column":70}},"280":{"start":{"line":644,"column":8},"end":{"line":644,"column":15}},"281":{"start":{"line":648,"column":6},"end":{"line":648,"column":34}},"282":{"start":{"line":649,"column":11},"end":{"line":653,"column":5}},"283":{"start":{"line":652,"column":6},"end":{"line":652,"column":34}},"284":{"start":{"line":660,"column":4},"end":{"line":660,"column":39}},"285":{"start":{"line":662,"column":32},"end":{"line":662,"column":39}},"286":{"start":{"line":664,"column":4},"end":{"line":670,"column":5}},"287":{"start":{"line":667,"column":6},"end":{"line":667,"column":43}},"288":{"start":{"line":669,"column":6},"end":{"line":669,"column":99}},"289":{"start":{"line":677,"column":4},"end":{"line":677,"column":26}},"290":{"start":{"line":678,"column":4},"end":{"line":678,"column":29}},"291":{"start":{"line":685,"column":4},"end":{"line":685,"column":27}},"292":{"start":{"line":693,"column":4},"end":{"line":693,"column":31}},"293":{"start":{"line":694,"column":4},"end":{"line":694,"column":22}},"294":{"start":{"line":701,"column":4},"end":{"line":701,"column":32}},"295":{"start":{"line":708,"column":4},"end":{"line":708,"column":27}},"296":{"start":{"line":715,"column":4},"end":{"line":717,"column":5}},"297":{"start":{"line":716,"column":6},"end":{"line":716,"column":40}},"298":{"start":{"line":726,"column":4},"end":{"line":726,"column":72}},"299":{"start":{"line":733,"column":4},"end":{"line":733,"column":57}},"300":{"start":{"line":741,"column":4},"end":{"line":741,"column":80}},"301":{"start":{"line":742,"column":4},"end":{"line":742,"column":81}},"302":{"start":{"line":743,"column":4},"end":{"line":743,"column":79}},"303":{"start":{"line":744,"column":4},"end":{"line":744,"column":73}},"304":{"start":{"line":752,"column":22},"end":{"line":752,"column":55}},"305":{"start":{"line":753,"column":22},"end":{"line":753,"column":57}},"306":{"start":{"line":755,"column":4},"end":{"line":755,"column":75}},"307":{"start":{"line":766,"column":19},"end":{"line":766,"column":49}},"308":{"start":{"line":768,"column":4},"end":{"line":768,"column":60}},"309":{"start":{"line":775,"column":19},"end":{"line":783,"column":7}},"310":{"start":{"line":775,"column":45},"end":{"line":783,"column":6}},"311":{"start":{"line":785,"column":4},"end":{"line":785,"column":61}},"312":{"start":{"line":793,"column":25},"end":{"line":796,"column":6}},"313":{"start":{"line":794,"column":6},"end":{"line":794,"column":53}},"314":{"start":{"line":794,"column":41},"end":{"line":794,"column":53}},"315":{"start":{"line":795,"column":6},"end":{"line":795,"column":23}},"316":{"start":{"line":798,"column":4},"end":{"line":798,"column":60}},"317":{"start":{"line":805,"column":4},"end":{"line":805,"column":59}},"318":{"start":{"line":812,"column":4},"end":{"line":832,"column":6}},"319":{"start":{"line":375,"column":0},"end":{"line":375,"column":13}}},"fnMap":{"0":{"name":"(anonymous_1)","decl":{"start":{"line":48,"column":10},"end":{"line":48,"column":16}},"loc":{"start":{"line":48,"column":57},"end":{"line":55,"column":3}}},"1":{"name":"(anonymous_2)","decl":{"start":{"line":58,"column":10},"end":{"line":58,"column":16}},"loc":{"start":{"line":58,"column":41},"end":{"line":60,"column":3}}},"2":{"name":"(anonymous_3)","decl":{"start":{"line":63,"column":2},"end":{"line":63,"column":18}},"loc":{"start":{"line":63,"column":18},"end":{"line":67,"column":3}}},"3":{"name":"(anonymous_4)","decl":{"start":{"line":70,"column":2},"end":{"line":70,"column":33}},"loc":{"start":{"line":70,"column":33},"end":{"line":74,"column":3}}},"4":{"name":"(anonymous_5)","decl":{"start":{"line":77,"column":2},"end":{"line":77,"column":17}},"loc":{"start":{"line":77,"column":45},"end":{"line":82,"column":3}}},"5":{"name":"(anonymous_6)","decl":{"start":{"line":85,"column":2},"end":{"line":85,"column":16}},"loc":{"start":{"line":85,"column":53},"end":{"line":90,"column":3}}},"6":{"name":"(anonymous_7)","decl":{"start":{"line":93,"column":2},"end":{"line":93,"column":15}},"loc":{"start":{"line":93,"column":30},"end":{"line":97,"column":3}}},"7":{"name":"(anonymous_8)","decl":{"start":{"line":100,"column":2},"end":{"line":100,"column":16}},"loc":{"start":{"line":100,"column":30},"end":{"line":129,"column":3}}},"8":{"name":"(anonymous_9)","decl":{"start":{"line":132,"column":2},"end":{"line":132,"column":9}},"loc":{"start":{"line":132,"column":35},"end":{"line":161,"column":3}}},"9":{"name":"(anonymous_10)","decl":{"start":{"line":164,"column":2},"end":{"line":164,"column":17}},"loc":{"start":{"line":164,"column":29},"end":{"line":167,"column":3}}},"10":{"name":"(anonymous_11)","decl":{"start":{"line":170,"column":2},"end":{"line":170,"column":15}},"loc":{"start":{"line":170,"column":15},"end":{"line":172,"column":3}}},"11":{"name":"(anonymous_12)","decl":{"start":{"line":175,"column":2},"end":{"line":175,"column":14}},"loc":{"start":{"line":175,"column":14},"end":{"line":177,"column":3}}},"12":{"name":"(anonymous_13)","decl":{"start":{"line":180,"column":2},"end":{"line":180,"column":7}},"loc":{"start":{"line":180,"column":35},"end":{"line":211,"column":3}}},"13":{"name":"parseMessage","decl":{"start":{"line":215,"column":9},"end":{"line":215,"column":21}},"loc":{"start":{"line":215,"column":50},"end":{"line":361,"column":1}}},"14":{"name":"readMessageType","decl":{"start":{"line":363,"column":9},"end":{"line":363,"column":24}},"loc":{"start":{"line":363,"column":39},"end":{"line":370,"column":1}}},"15":{"name":"(anonymous_16)","decl":{"start":{"line":386,"column":2},"end":{"line":386,"column":14}},"loc":{"start":{"line":386,"column":50},"end":{"line":394,"column":3}}},"16":{"name":"(anonymous_17)","decl":{"start":{"line":391,"column":27},"end":{"line":391,"column":28}},"loc":{"start":{"line":391,"column":37},"end":{"line":391,"column":58}}},"17":{"name":"(anonymous_18)","decl":{"start":{"line":392,"column":28},"end":{"line":392,"column":29}},"loc":{"start":{"line":392,"column":37},"end":{"line":392,"column":58}}},"18":{"name":"(anonymous_19)","decl":{"start":{"line":393,"column":28},"end":{"line":393,"column":31}},"loc":{"start":{"line":393,"column":34},"end":{"line":393,"column":52}}},"19":{"name":"(anonymous_20)","decl":{"start":{"line":399,"column":10},"end":{"line":399,"column":20}},"loc":{"start":{"line":399,"column":33},"end":{"line":426,"column":3}}},"20":{"name":"(anonymous_21)","decl":{"start":{"line":431,"column":10},"end":{"line":431,"column":23}},"loc":{"start":{"line":431,"column":65},"end":{"line":470,"column":3}}},"21":{"name":"(anonymous_22)","decl":{"start":{"line":475,"column":10},"end":{"line":475,"column":23}},"loc":{"start":{"line":475,"column":46},"end":{"line":498,"column":3}}},"22":{"name":"(anonymous_23)","decl":{"start":{"line":503,"column":10},"end":{"line":503,"column":24}},"loc":{"start":{"line":503,"column":47},"end":{"line":516,"column":3}}},"23":{"name":"(anonymous_24)","decl":{"start":{"line":521,"column":10},"end":{"line":521,"column":15}},"loc":{"start":{"line":521,"column":47},"end":{"line":595,"column":3}}},"24":{"name":"(anonymous_25)","decl":{"start":{"line":575,"column":45},"end":{"line":575,"column":48}},"loc":{"start":{"line":575,"column":52},"end":{"line":575,"column":60}}},"25":{"name":"(anonymous_26)","decl":{"start":{"line":600,"column":10},"end":{"line":600,"column":21}},"loc":{"start":{"line":600,"column":44},"end":{"line":616,"column":3}}},"26":{"name":"(anonymous_27)","decl":{"start":{"line":621,"column":10},"end":{"line":621,"column":20}},"loc":{"start":{"line":621,"column":43},"end":{"line":627,"column":3}}},"27":{"name":"(anonymous_28)","decl":{"start":{"line":632,"column":10},"end":{"line":632,"column":24}},"loc":{"start":{"line":632,"column":47},"end":{"line":654,"column":3}}},"28":{"name":"(anonymous_29)","decl":{"start":{"line":659,"column":10},"end":{"line":659,"column":15}},"loc":{"start":{"line":659,"column":52},"end":{"line":671,"column":3}}},"29":{"name":"(anonymous_30)","decl":{"start":{"line":676,"column":10},"end":{"line":676,"column":20}},"loc":{"start":{"line":676,"column":20},"end":{"line":679,"column":3}}},"30":{"name":"(anonymous_31)","decl":{"start":{"line":684,"column":10},"end":{"line":684,"column":21}},"loc":{"start":{"line":684,"column":21},"end":{"line":687,"column":3}}},"31":{"name":"(anonymous_32)","decl":{"start":{"line":692,"column":10},"end":{"line":692,"column":25}},"loc":{"start":{"line":692,"column":25},"end":{"line":695,"column":3}}},"32":{"name":"(anonymous_33)","decl":{"start":{"line":700,"column":10},"end":{"line":700,"column":21}},"loc":{"start":{"line":700,"column":32},"end":{"line":702,"column":3}}},"33":{"name":"(anonymous_34)","decl":{"start":{"line":707,"column":10},"end":{"line":707,"column":21}},"loc":{"start":{"line":707,"column":21},"end":{"line":709,"column":3}}},"34":{"name":"(anonymous_35)","decl":{"start":{"line":714,"column":10},"end":{"line":714,"column":21}},"loc":{"start":{"line":714,"column":45},"end":{"line":718,"column":3}}},"35":{"name":"(anonymous_36)","decl":{"start":{"line":723,"column":10},"end":{"line":723,"column":35}},"loc":{"start":{"line":723,"column":35},"end":{"line":727,"column":3}}},"36":{"name":"(anonymous_37)","decl":{"start":{"line":732,"column":10},"end":{"line":732,"column":30}},"loc":{"start":{"line":732,"column":30},"end":{"line":734,"column":3}}},"37":{"name":"(anonymous_38)","decl":{"start":{"line":739,"column":10},"end":{"line":739,"column":29}},"loc":{"start":{"line":739,"column":29},"end":{"line":745,"column":3}}},"38":{"name":"(anonymous_39)","decl":{"start":{"line":750,"column":10},"end":{"line":750,"column":28}},"loc":{"start":{"line":750,"column":28},"end":{"line":756,"column":3}}},"39":{"name":"(anonymous_40)","decl":{"start":{"line":761,"column":10},"end":{"line":761,"column":27}},"loc":{"start":{"line":761,"column":27},"end":{"line":769,"column":3}}},"40":{"name":"(anonymous_41)","decl":{"start":{"line":774,"column":10},"end":{"line":774,"column":28}},"loc":{"start":{"line":774,"column":46},"end":{"line":786,"column":3}}},"41":{"name":"(anonymous_42)","decl":{"start":{"line":775,"column":31},"end":{"line":775,"column":32}},"loc":{"start":{"line":775,"column":45},"end":{"line":783,"column":6}}},"42":{"name":"(anonymous_43)","decl":{"start":{"line":791,"column":10},"end":{"line":791,"column":21}},"loc":{"start":{"line":791,"column":35},"end":{"line":799,"column":3}}},"43":{"name":"(anonymous_44)","decl":{"start":{"line":793,"column":36},"end":{"line":793,"column":37}},"loc":{"start":{"line":793,"column":40},"end":{"line":796,"column":5}}},"44":{"name":"(anonymous_45)","decl":{"start":{"line":804,"column":10},"end":{"line":804,"column":29}},"loc":{"start":{"line":804,"column":41},"end":{"line":806,"column":3}}},"45":{"name":"(anonymous_46)","decl":{"start":{"line":811,"column":10},"end":{"line":811,"column":27}},"loc":{"start":{"line":811,"column":59},"end":{"line":833,"column":3}}}},"branchMap":{"0":{"loc":{"start":{"line":114,"column":25},"end":{"line":114,"column":43}},"type":"binary-expr","locations":[{"start":{"line":114,"column":25},"end":{"line":114,"column":38}},{"start":{"line":114,"column":42},"end":{"line":114,"column":43}}]},"1":{"loc":{"start":{"line":116,"column":25},"end":{"line":116,"column":44}},"type":"binary-expr","locations":[{"start":{"line":116,"column":25},"end":{"line":116,"column":39}},{"start":{"line":116,"column":43},"end":{"line":116,"column":44}}]},"2":{"loc":{"start":{"line":118,"column":25},"end":{"line":118,"column":47}},"type":"binary-expr","locations":[{"start":{"line":118,"column":25},"end":{"line":118,"column":41}},{"start":{"line":118,"column":45},"end":{"line":118,"column":47}}]},"3":{"loc":{"start":{"line":120,"column":24},"end":{"line":120,"column":48}},"type":"binary-expr","locations":[{"start":{"line":120,"column":24},"end":{"line":120,"column":42}},{"start":{"line":120,"column":46},"end":{"line":120,"column":48}}]},"4":{"loc":{"start":{"line":122,"column":24},"end":{"line":122,"column":52}},"type":"binary-expr","locations":[{"start":{"line":122,"column":24},"end":{"line":122,"column":46}},{"start":{"line":122,"column":50},"end":{"line":122,"column":52}}]},"5":{"loc":{"start":{"line":124,"column":24},"end":{"line":124,"column":41}},"type":"binary-expr","locations":[{"start":{"line":124,"column":24},"end":{"line":124,"column":36}},{"start":{"line":124,"column":40},"end":{"line":124,"column":41}}]},"6":{"loc":{"start":{"line":136,"column":6},"end":{"line":140,"column":7}},"type":"if","locations":[{"start":{"line":136,"column":6},"end":{"line":140,"column":7}},{"start":{"line":138,"column":13},"end":{"line":140,"column":7}}]},"7":{"loc":{"start":{"line":148,"column":6},"end":{"line":157,"column":7}},"type":"if","locations":[{"start":{"line":148,"column":6},"end":{"line":157,"column":7}},{"start":{"line":151,"column":13},"end":{"line":157,"column":7}}]},"8":{"loc":{"start":{"line":185,"column":4},"end":{"line":187,"column":5}},"type":"if","locations":[{"start":{"line":185,"column":4},"end":{"line":187,"column":5}}]},"9":{"loc":{"start":{"line":188,"column":4},"end":{"line":190,"column":5}},"type":"if","locations":[{"start":{"line":188,"column":4},"end":{"line":190,"column":5}}]},"10":{"loc":{"start":{"line":191,"column":4},"end":{"line":193,"column":5}},"type":"if","locations":[{"start":{"line":191,"column":4},"end":{"line":193,"column":5}}]},"11":{"loc":{"start":{"line":196,"column":4},"end":{"line":198,"column":5}},"type":"if","locations":[{"start":{"line":196,"column":4},"end":{"line":198,"column":5}}]},"12":{"loc":{"start":{"line":199,"column":4},"end":{"line":201,"column":5}},"type":"if","locations":[{"start":{"line":199,"column":4},"end":{"line":201,"column":5}}]},"13":{"loc":{"start":{"line":202,"column":4},"end":{"line":204,"column":5}},"type":"if","locations":[{"start":{"line":202,"column":4},"end":{"line":204,"column":5}}]},"14":{"loc":{"start":{"line":216,"column":2},"end":{"line":360,"column":3}},"type":"switch","locations":[{"start":{"line":217,"column":4},"end":{"line":225,"column":5}},{"start":{"line":226,"column":4},"end":{"line":256,"column":5}},{"start":{"line":257,"column":4},"end":{"line":264,"column":5}},{"start":{"line":265,"column":4},"end":{"line":297,"column":5}},{"start":{"line":298,"column":4},"end":{"line":304,"column":5}},{"start":{"line":305,"column":4},"end":{"line":318,"column":5}},{"start":{"line":319,"column":4},"end":{"line":338,"column":5}},{"start":{"line":339,"column":4},"end":{"line":344,"column":5}},{"start":{"line":345,"column":4},"end":{"line":350,"column":5}},{"start":{"line":351,"column":4},"end":{"line":356,"column":5}},{"start":{"line":357,"column":4},"end":{"line":359,"column":18}}]},"15":{"loc":{"start":{"line":239,"column":8},"end":{"line":239,"column":36}},"type":"if","locations":[{"start":{"line":239,"column":8},"end":{"line":239,"column":36}}]},"16":{"loc":{"start":{"line":242,"column":15},"end":{"line":242,"column":61}},"type":"binary-expr","locations":[{"start":{"line":242,"column":15},"end":{"line":242,"column":37}},{"start":{"line":242,"column":41},"end":{"line":242,"column":61}}]},"17":{"loc":{"start":{"line":315,"column":16},"end":{"line":315,"column":45}},"type":"cond-expr","locations":[{"start":{"line":315,"column":36},"end":{"line":315,"column":39}},{"start":{"line":315,"column":42},"end":{"line":315,"column":45}}]},"18":{"loc":{"start":{"line":364,"column":2},"end":{"line":364,"column":35}},"type":"if","locations":[{"start":{"line":364,"column":2},"end":{"line":364,"column":35}}]},"19":{"loc":{"start":{"line":366,"column":2},"end":{"line":368,"column":3}},"type":"if","locations":[{"start":{"line":366,"column":2},"end":{"line":368,"column":3}}]},"20":{"loc":{"start":{"line":408,"column":8},"end":{"line":411,"column":9}},"type":"if","locations":[{"start":{"line":408,"column":8},"end":{"line":411,"column":9}}]},"21":{"loc":{"start":{"line":434,"column":4},"end":{"line":469,"column":5}},"type":"switch","locations":[{"start":{"line":435,"column":6},"end":{"line":437,"column":14}},{"start":{"line":438,"column":6},"end":{"line":440,"column":14}},{"start":{"line":441,"column":6},"end":{"line":443,"column":14}},{"start":{"line":444,"column":6},"end":{"line":446,"column":14}},{"start":{"line":447,"column":6},"end":{"line":449,"column":14}},{"start":{"line":450,"column":6},"end":{"line":452,"column":14}},{"start":{"line":453,"column":6},"end":{"line":455,"column":14}},{"start":{"line":456,"column":6},"end":{"line":458,"column":14}},{"start":{"line":459,"column":6},"end":{"line":461,"column":14}},{"start":{"line":462,"column":6},"end":{"line":464,"column":14}},{"start":{"line":465,"column":6},"end":{"line":468,"column":68}}]},"22":{"loc":{"start":{"line":442,"column":25},"end":{"line":442,"column":45}},"type":"binary-expr","locations":[{"start":{"line":442,"column":25},"end":{"line":442,"column":39}},{"start":{"line":442,"column":43},"end":{"line":442,"column":45}}]},"23":{"loc":{"start":{"line":479,"column":4},"end":{"line":493,"column":5}},"type":"if","locations":[{"start":{"line":479,"column":4},"end":{"line":493,"column":5}}]},"24":{"loc":{"start":{"line":483,"column":6},"end":{"line":488,"column":7}},"type":"if","locations":[{"start":{"line":483,"column":6},"end":{"line":488,"column":7}}]},"25":{"loc":{"start":{"line":490,"column":6},"end":{"line":492,"column":7}},"type":"if","locations":[{"start":{"line":490,"column":6},"end":{"line":492,"column":7}}]},"26":{"loc":{"start":{"line":524,"column":4},"end":{"line":527,"column":5}},"type":"if","locations":[{"start":{"line":524,"column":4},"end":{"line":527,"column":5}}]},"27":{"loc":{"start":{"line":531,"column":6},"end":{"line":546,"column":7}},"type":"if","locations":[{"start":{"line":531,"column":6},"end":{"line":546,"column":7}},{"start":{"line":536,"column":13},"end":{"line":546,"column":7}}]},"28":{"loc":{"start":{"line":536,"column":13},"end":{"line":546,"column":7}},"type":"if","locations":[{"start":{"line":536,"column":13},"end":{"line":546,"column":7}},{"start":{"line":541,"column":13},"end":{"line":546,"column":7}}]},"29":{"loc":{"start":{"line":541,"column":13},"end":{"line":546,"column":7}},"type":"if","locations":[{"start":{"line":541,"column":13},"end":{"line":546,"column":7}}]},"30":{"loc":{"start":{"line":553,"column":6},"end":{"line":562,"column":7}},"type":"if","locations":[{"start":{"line":553,"column":6},"end":{"line":562,"column":7}},{"start":{"line":556,"column":13},"end":{"line":562,"column":7}}]},"31":{"loc":{"start":{"line":554,"column":22},"end":{"line":554,"column":63}},"type":"cond-expr","locations":[{"start":{"line":554,"column":46},"end":{"line":554,"column":59}},{"start":{"line":554,"column":62},"end":{"line":554,"column":63}}]},"32":{"loc":{"start":{"line":556,"column":13},"end":{"line":562,"column":7}},"type":"if","locations":[{"start":{"line":556,"column":13},"end":{"line":562,"column":7}},{"start":{"line":559,"column":13},"end":{"line":562,"column":7}}]},"33":{"loc":{"start":{"line":557,"column":22},"end":{"line":557,"column":48}},"type":"binary-expr","locations":[{"start":{"line":557,"column":22},"end":{"line":557,"column":43}},{"start":{"line":557,"column":47},"end":{"line":557,"column":48}}]},"34":{"loc":{"start":{"line":559,"column":13},"end":{"line":562,"column":7}},"type":"if","locations":[{"start":{"line":559,"column":13},"end":{"line":562,"column":7}}]},"35":{"loc":{"start":{"line":560,"column":22},"end":{"line":560,"column":47}},"type":"binary-expr","locations":[{"start":{"line":560,"column":22},"end":{"line":560,"column":42}},{"start":{"line":560,"column":46},"end":{"line":560,"column":47}}]},"36":{"loc":{"start":{"line":565,"column":6},"end":{"line":585,"column":7}},"type":"if","locations":[{"start":{"line":565,"column":6},"end":{"line":585,"column":7}},{"start":{"line":581,"column":13},"end":{"line":585,"column":7}}]},"37":{"loc":{"start":{"line":566,"column":8},"end":{"line":580,"column":9}},"type":"if","locations":[{"start":{"line":566,"column":8},"end":{"line":580,"column":9}},{"start":{"line":577,"column":15},"end":{"line":580,"column":9}}]},"38":{"loc":{"start":{"line":592,"column":45},"end":{"line":592,"column":93}},"type":"cond-expr","locations":[{"start":{"line":592,"column":68},"end":{"line":592,"column":79}},{"start":{"line":592,"column":82},"end":{"line":592,"column":93}}]},"39":{"loc":{"start":{"line":607,"column":6},"end":{"line":609,"column":7}},"type":"if","locations":[{"start":{"line":607,"column":6},"end":{"line":609,"column":7}}]},"40":{"loc":{"start":{"line":607,"column":10},"end":{"line":607,"column":23}},"type":"binary-expr","locations":[{"start":{"line":607,"column":10},"end":{"line":607,"column":14}},{"start":{"line":607,"column":18},"end":{"line":607,"column":23}}]},"41":{"loc":{"start":{"line":614,"column":45},"end":{"line":614,"column":93}},"type":"cond-expr","locations":[{"start":{"line":614,"column":68},"end":{"line":614,"column":79}},{"start":{"line":614,"column":82},"end":{"line":614,"column":93}}]},"42":{"loc":{"start":{"line":638,"column":4},"end":{"line":653,"column":5}},"type":"if","locations":[{"start":{"line":638,"column":4},"end":{"line":653,"column":5}},{"start":{"line":649,"column":11},"end":{"line":653,"column":5}}]},"43":{"loc":{"start":{"line":638,"column":8},"end":{"line":638,"column":28}},"type":"binary-expr","locations":[{"start":{"line":638,"column":8},"end":{"line":638,"column":20}},{"start":{"line":638,"column":24},"end":{"line":638,"column":28}}]},"44":{"loc":{"start":{"line":642,"column":6},"end":{"line":645,"column":7}},"type":"if","locations":[{"start":{"line":642,"column":6},"end":{"line":645,"column":7}}]},"45":{"loc":{"start":{"line":649,"column":11},"end":{"line":653,"column":5}},"type":"if","locations":[{"start":{"line":649,"column":11},"end":{"line":653,"column":5}}]},"46":{"loc":{"start":{"line":669,"column":47},"end":{"line":669,"column":95}},"type":"cond-expr","locations":[{"start":{"line":669,"column":70},"end":{"line":669,"column":81}},{"start":{"line":669,"column":84},"end":{"line":669,"column":95}}]},"47":{"loc":{"start":{"line":715,"column":4},"end":{"line":717,"column":5}},"type":"if","locations":[{"start":{"line":715,"column":4},"end":{"line":717,"column":5}}]},"48":{"loc":{"start":{"line":766,"column":19},"end":{"line":766,"column":49}},"type":"cond-expr","locations":[{"start":{"line":766,"column":40},"end":{"line":766,"column":43}},{"start":{"line":766,"column":46},"end":{"line":766,"column":49}}]},"49":{"loc":{"start":{"line":794,"column":6},"end":{"line":794,"column":53}},"type":"if","locations":[{"start":{"line":794,"column":6},"end":{"line":794,"column":53}}]},"50":{"loc":{"start":{"line":794,"column":10},"end":{"line":794,"column":39}},"type":"binary-expr","locations":[{"start":{"line":794,"column":10},"end":{"line":794,"column":20}},{"start":{"line":794,"column":24},"end":{"line":794,"column":39}}]},"51":{"loc":{"start":{"line":811,"column":45},"end":{"line":811,"column":59}},"type":"default-arg","locations":[{"start":{"line":811,"column":52},"end":{"line":811,"column":59}}]}},"s":{"0":0,"1":0,"2":0,"3":0,"4":0,"5":0,"6":0,"7":0,"8":0,"9":0,"10":0,"11":0,"12":0,"13":0,"14":0,"15":0,"16":0,"17":0,"18":0,"19":0,"20":0,"21":0,"22":0,"23":0,"24":0,"25":0,"26":0,"27":0,"28":0,"29":0,"30":0,"31":0,"32":0,"33":0,"34":0,"35":0,"36":0,"37":0,"38":0,"39":0,"40":0,"41":0,"42":0,"43":0,"44":0,"45":0,"46":0,"47":0,"48":0,"49":0,"50":0,"51":0,"52":0,"53":0,"54":0,"55":0,"56":0,"57":0,"58":0,"59":0,"60":0,"61":0,"62":0,"63":0,"64":0,"65":0,"66":0,"67":0,"68":0,"69":0,"70":0,"71":0,"72":0,"73":0,"74":0,"75":0,"76":0,"77":0,"78":0,"79":0,"80":0,"81":0,"82":0,"83":0,"84":0,"85":0,"86":0,"87":0,"88":0,"89":0,"90":0,"91":0,"92":0,"93":0,"94":0,"95":0,"96":0,"97":0,"98":0,"99":0,"100":0,"101":0,"102":0,"103":0,"104":0,"105":0,"106":0,"107":0,"108":0,"109":0,"110":0,"111":0,"112":0,"113":0,"114":0,"115":0,"116":0,"117":0,"118":0,"119":0,"120":0,"121":0,"122":0,"123":0,"124":0,"125":0,"126":0,"127":0,"128":0,"129":0,"130":0,"131":0,"132":0,"133":0,"134":0,"135":0,"136":0,"137":0,"138":0,"139":0,"140":0,"141":0,"142":0,"143":0,"144":0,"145":0,"146":0,"147":0,"148":0,"149":0,"150":0,"151":0,"152":0,"153":0,"154":0,"155":0,"156":0,"157":0,"158":0,"159":0,"160":0,"161":0,"162":0,"163":0,"164":0,"165":0,"166":0,"167":0,"168":0,"169":0,"170":0,"171":0,"172":0,"173":0,"174":0,"175":0,"176":0,"177":0,"178":0,"179":0,"180":0,"181":0,"182":0,"183":0,"184":0,"185":0,"186":0,"187":0,"188":0,"189":0,"190":0,"191":0,"192":0,"193":0,"194":0,"195":0,"196":0,"197":0,"198":0,"199":0,"200":0,"201":0,"202":0,"203":0,"204":0,"205":0,"206":0,"207":0,"208":0,"209":0,"210":0,"211":0,"212":0,"213":0,"214":0,"215":0,"216":0,"217":0,"218":0,"219":0,"220":0,"221":0,"222":0,"223":0,"224":0,"225":0,"226":0,"227":0,"228":0,"229":0,"230":0,"231":0,"232":0,"233":0,"234":0,"235":0,"236":0,"237":0,"238":0,"239":0,"240":0,"241":0,"242":0,"243":0,"244":0,"245":0,"246":0,"247":0,"248":0,"249":0,"250":0,"251":0,"252":0,"253":0,"254":0,"255":0,"256":0,"257":0,"258":0,"259":0,"260":0,"261":0,"262":0,"263":0,"264":0,"265":0,"266":0,"267":0,"268":0,"269":0,"270":0,"271":0,"272":0,"273":0,"274":0,"275":0,"276":0,"277":0,"278":0,"279":0,"280":0,"281":0,"282":0,"283":0,"284":0,"285":0,"286":0,"287":0,"288":0,"289":0,"290":0,"291":0,"292":0,"293":0,"294":0,"295":0,"296":0,"297":0,"298":0,"299":0,"300":0,"301":0,"302":0,"303":0,"304":0,"305":0,"306":0,"307":0,"308":0,"309":0,"310":0,"311":0,"312":0,"313":0,"314":0,"315":0,"316":0,"317":0,"318":0,"319":0},"f":{"0":0,"1":0,"2":0,"3":0,"4":0,"5":0,"6":0,"7":0,"8":0,"9":0,"10":0,"11":0,"12":0,"13":0,"14":0,"15":0,"16":0,"17":0,"18":0,"19":0,"20":0,"21":0,"22":0,"23":0,"24":0,"25":0,"26":0,"27":0,"28":0,"29":0,"30":0,"31":0,"32":0,"33":0,"34":0,"35":0,"36":0,"37":0,"38":0,"39":0,"40":0,"41":0,"42":0,"43":0,"44":0,"45":0},"b":{"0":[0,0],"1":[0,0],"2":[0,0],"3":[0,0],"4":[0,0],"5":[0,0],"6":[0,0],"7":[0,0],"8":[0],"9":[0],"10":[0],"11":[0],"12":[0],"13":[0],"14":[0,0,0,0,0,0,0,0,0,0,0],"15":[0],"16":[0,0],"17":[0,0],"18":[0],"19":[0],"20":[0],"21":[0,0,0,0,0,0,0,0,0,0,0],"22":[0,0],"23":[0],"24":[0],"25":[0],"26":[0],"27":[0,0],"28":[0,0],"29":[0],"30":[0,0],"31":[0,0],"32":[0,0],"33":[0,0],"34":[0],"35":[0,0],"36":[0,0],"37":[0,0],"38":[0,0],"39":[0],"40":[0,0],"41":[0,0],"42":[0,0],"43":[0,0],"44":[0],"45":[0],"46":[0,0],"47":[0],"48":[0,0],"49":[0],"50":[0,0],"51":[0]}}
}
