TN:
SF:src/pg-server.ts
FN:173,(anonymous_1)
FN:66,(anonymous_2)
FN:80,(anonymous_3)
FN:95,(anonymous_4)
FN:102,(anonymous_5)
FN:108,(anonymous_6)
FN:113,(anonymous_7)
FN:114,(anonymous_8)
FN:120,(anonymous_9)
FN:137,main
FN:167,(anonymous_11)
FNF:11
FNH:0
FNDA:0,(anonymous_1)
FNDA:0,(anonymous_2)
FNDA:0,(anonymous_3)
FNDA:0,(anonymous_4)
FNDA:0,(anonymous_5)
FNDA:0,(anonymous_6)
FNDA:0,(anonymous_7)
FNDA:0,(anonymous_8)
FNDA:0,(anonymous_9)
FNDA:0,main
FNDA:0,(anonymous_11)
DA:3,0
DA:4,0
DA:5,0
DA:6,0
DA:7,0
DA:8,0
DA:9,0
DA:11,0
DA:14,0
DA:57,0
DA:75,0
DA:76,0
DA:77,0
DA:80,0
DA:81,0
DA:84,0
DA:85,0
DA:86,0
DA:87,0
DA:91,0
DA:92,0
DA:95,0
DA:96,0
DA:97,0
DA:102,0
DA:103,0
DA:104,0
DA:108,0
DA:109,0
DA:113,0
DA:114,0
DA:121,0
DA:124,0
DA:127,0
DA:129,0
DA:130,0
DA:138,0
DA:140,0
DA:142,0
DA:143,0
DA:144,0
DA:145,0
DA:148,0
DA:154,0
DA:155,0
DA:156,0
DA:157,0
DA:158,0
DA:160,0
DA:161,0
DA:166,0
DA:167,0
DA:168,0
DA:169,0
DA:173,0
LF:55
LH:0
BRDA:84,0,0,0
BRDA:166,1,0,0
BRDA:168,2,0,0
BRDA:168,2,1,0
BRF:4
BRH:0
end_of_record
TN:
SF:src/protocol-handler.ts
FN:48,(anonymous_1)
FN:58,(anonymous_2)
FN:63,(anonymous_3)
FN:70,(anonymous_4)
FN:77,(anonymous_5)
FN:85,(anonymous_6)
FN:93,(anonymous_7)
FN:100,(anonymous_8)
FN:132,(anonymous_9)
FN:164,(anonymous_10)
FN:170,(anonymous_11)
FN:175,(anonymous_12)
FN:180,(anonymous_13)
FN:215,parseMessage
FN:363,readMessageType
FN:386,(anonymous_16)
FN:391,(anonymous_17)
FN:392,(anonymous_18)
FN:393,(anonymous_19)
FN:399,(anonymous_20)
FN:431,(anonymous_21)
FN:475,(anonymous_22)
FN:503,(anonymous_23)
FN:521,(anonymous_24)
FN:575,(anonymous_25)
FN:600,(anonymous_26)
FN:621,(anonymous_27)
FN:632,(anonymous_28)
FN:659,(anonymous_29)
FN:676,(anonymous_30)
FN:684,(anonymous_31)
FN:692,(anonymous_32)
FN:700,(anonymous_33)
FN:707,(anonymous_34)
FN:714,(anonymous_35)
FN:723,(anonymous_36)
FN:732,(anonymous_37)
FN:739,(anonymous_38)
FN:750,(anonymous_39)
FN:761,(anonymous_40)
FN:774,(anonymous_41)
FN:775,(anonymous_42)
FN:791,(anonymous_43)
FN:793,(anonymous_44)
FN:804,(anonymous_45)
FN:811,(anonymous_46)
FNF:46
FNH:0
FNDA:0,(anonymous_1)
FNDA:0,(anonymous_2)
FNDA:0,(anonymous_3)
FNDA:0,(anonymous_4)
FNDA:0,(anonymous_5)
FNDA:0,(anonymous_6)
FNDA:0,(anonymous_7)
FNDA:0,(anonymous_8)
FNDA:0,(anonymous_9)
FNDA:0,(anonymous_10)
FNDA:0,(anonymous_11)
FNDA:0,(anonymous_12)
FNDA:0,(anonymous_13)
FNDA:0,parseMessage
FNDA:0,readMessageType
FNDA:0,(anonymous_16)
FNDA:0,(anonymous_17)
FNDA:0,(anonymous_18)
FNDA:0,(anonymous_19)
FNDA:0,(anonymous_20)
FNDA:0,(anonymous_21)
FNDA:0,(anonymous_22)
FNDA:0,(anonymous_23)
FNDA:0,(anonymous_24)
FNDA:0,(anonymous_25)
FNDA:0,(anonymous_26)
FNDA:0,(anonymous_27)
FNDA:0,(anonymous_28)
FNDA:0,(anonymous_29)
FNDA:0,(anonymous_30)
FNDA:0,(anonymous_31)
FNDA:0,(anonymous_32)
FNDA:0,(anonymous_33)
FNDA:0,(anonymous_34)
FNDA:0,(anonymous_35)
FNDA:0,(anonymous_36)
FNDA:0,(anonymous_37)
FNDA:0,(anonymous_38)
FNDA:0,(anonymous_39)
FNDA:0,(anonymous_40)
FNDA:0,(anonymous_41)
FNDA:0,(anonymous_42)
FNDA:0,(anonymous_43)
FNDA:0,(anonymous_44)
FNDA:0,(anonymous_45)
FNDA:0,(anonymous_46)
DA:4,0
DA:6,0
DA:49,0
DA:50,0
DA:51,0
DA:52,0
DA:53,0
DA:54,0
DA:59,0
DA:64,0
DA:65,0
DA:66,0
DA:71,0
DA:72,0
DA:73,0
DA:78,0
DA:79,0
DA:80,0
DA:81,0
DA:86,0
DA:87,0
DA:88,0
DA:89,0
DA:94,0
DA:95,0
DA:96,0
DA:102,0
DA:103,0
DA:104,0
DA:105,0
DA:108,0
DA:109,0
DA:111,0
DA:112,0
DA:113,0
DA:114,0
DA:115,0
DA:116,0
DA:117,0
DA:118,0
DA:119,0
DA:120,0
DA:121,0
DA:122,0
DA:123,0
DA:124,0
DA:125,0
DA:128,0
DA:134,0
DA:135,0
DA:136,0
DA:137,0
DA:139,0
DA:143,0
DA:144,0
DA:146,0
DA:147,0
DA:148,0
DA:149,0
DA:150,0
DA:152,0
DA:153,0
DA:154,0
DA:155,0
DA:156,0
DA:160,0
DA:165,0
DA:166,0
DA:171,0
DA:176,0
DA:182,0
DA:185,0
DA:186,0
DA:188,0
DA:189,0
DA:191,0
DA:192,0
DA:196,0
DA:197,0
DA:199,0
DA:200,0
DA:202,0
DA:203,0
DA:207,0
DA:209,0
DA:210,0
DA:216,0
DA:219,0
DA:220,0
DA:228,0
DA:229,0
DA:231,0
DA:232,0
DA:233,0
DA:234,0
DA:235,0
DA:237,0
DA:239,0
DA:241,0
DA:242,0
DA:243,0
DA:244,0
DA:246,0
DA:248,0
DA:251,0
DA:258,0
DA:259,0
DA:266,0
DA:269,0
DA:270,0
DA:271,0
DA:272,0
DA:275,0
DA:276,0
DA:277,0
DA:278,0
DA:281,0
DA:282,0
DA:284,0
DA:285,0
DA:286,0
DA:287,0
DA:290,0
DA:300,0
DA:306,0
DA:307,0
DA:308,0
DA:309,0
DA:310,0
DA:312,0
DA:320,0
DA:323,0
DA:324,0
DA:325,0
DA:326,0
DA:329,0
DA:330,0
DA:332,0
DA:340,0
DA:346,0
DA:352,0
DA:359,0
DA:364,0
DA:366,0
DA:367,0
DA:369,0
DA:375,0
DA:378,0
DA:379,0
DA:381,0
DA:382,0
DA:383,0
DA:384,0
DA:387,0
DA:388,0
DA:389,0
DA:391,0
DA:392,0
DA:393,0
DA:400,0
DA:403,0
DA:404,0
DA:405,0
DA:406,0
DA:408,0
DA:410,0
DA:414,0
DA:416,0
DA:419,0
DA:421,0
DA:423,0
DA:432,0
DA:434,0
DA:436,0
DA:437,0
DA:439,0
DA:440,0
DA:442,0
DA:443,0
DA:445,0
DA:446,0
DA:448,0
DA:449,0
DA:451,0
DA:452,0
DA:454,0
DA:455,0
DA:457,0
DA:458,0
DA:460,0
DA:461,0
DA:463,0
DA:464,0
DA:466,0
DA:468,0
DA:476,0
DA:479,0
DA:480,0
DA:481,0
DA:483,0
DA:484,0
DA:490,0
DA:491,0
DA:497,0
DA:504,0
DA:509,0
DA:512,0
DA:513,0
DA:514,0
DA:515,0
DA:522,0
DA:524,0
DA:525,0
DA:526,0
DA:529,0
DA:531,0
DA:532,0
DA:533,0
DA:534,0
DA:535,0
DA:536,0
DA:537,0
DA:538,0
DA:539,0
DA:540,0
DA:541,0
DA:542,0
DA:543,0
DA:544,0
DA:545,0
DA:549,0
DA:552,0
DA:553,0
DA:554,0
DA:555,0
DA:556,0
DA:557,0
DA:558,0
DA:559,0
DA:560,0
DA:561,0
DA:565,0
DA:566,0
DA:568,0
DA:571,0
DA:574,0
DA:575,0
DA:579,0
DA:584,0
DA:588,0
DA:589,0
DA:591,0
DA:592,0
DA:593,0
DA:601,0
DA:603,0
DA:605,0
DA:607,0
DA:608,0
DA:612,0
DA:614,0
DA:622,0
DA:626,0
DA:633,0
DA:635,0
DA:636,0
DA:638,0
DA:640,0
DA:642,0
DA:643,0
DA:644,0
DA:648,0
DA:649,0
DA:652,0
DA:660,0
DA:662,0
DA:664,0
DA:667,0
DA:669,0
DA:677,0
DA:678,0
DA:685,0
DA:693,0
DA:694,0
DA:701,0
DA:708,0
DA:715,0
DA:716,0
DA:726,0
DA:733,0
DA:741,0
DA:742,0
DA:743,0
DA:744,0
DA:752,0
DA:753,0
DA:755,0
DA:766,0
DA:768,0
DA:775,0
DA:785,0
DA:793,0
DA:794,0
DA:795,0
DA:798,0
DA:805,0
DA:812,0
LF:307
LH:0
BRDA:114,0,0,0
BRDA:114,0,1,0
BRDA:116,1,0,0
BRDA:116,1,1,0
BRDA:118,2,0,0
BRDA:118,2,1,0
BRDA:120,3,0,0
BRDA:120,3,1,0
BRDA:122,4,0,0
BRDA:122,4,1,0
BRDA:124,5,0,0
BRDA:124,5,1,0
BRDA:136,6,0,0
BRDA:136,6,1,0
BRDA:148,7,0,0
BRDA:148,7,1,0
BRDA:185,8,0,0
BRDA:188,9,0,0
BRDA:191,10,0,0
BRDA:196,11,0,0
BRDA:199,12,0,0
BRDA:202,13,0,0
BRDA:216,14,0,0
BRDA:216,14,1,0
BRDA:216,14,2,0
BRDA:216,14,3,0
BRDA:216,14,4,0
BRDA:216,14,5,0
BRDA:216,14,6,0
BRDA:216,14,7,0
BRDA:216,14,8,0
BRDA:216,14,9,0
BRDA:216,14,10,0
BRDA:239,15,0,0
BRDA:242,16,0,0
BRDA:242,16,1,0
BRDA:315,17,0,0
BRDA:315,17,1,0
BRDA:364,18,0,0
BRDA:366,19,0,0
BRDA:408,20,0,0
BRDA:434,21,0,0
BRDA:434,21,1,0
BRDA:434,21,2,0
BRDA:434,21,3,0
BRDA:434,21,4,0
BRDA:434,21,5,0
BRDA:434,21,6,0
BRDA:434,21,7,0
BRDA:434,21,8,0
BRDA:434,21,9,0
BRDA:434,21,10,0
BRDA:442,22,0,0
BRDA:442,22,1,0
BRDA:479,23,0,0
BRDA:483,24,0,0
BRDA:490,25,0,0
BRDA:524,26,0,0
BRDA:531,27,0,0
BRDA:531,27,1,0
BRDA:536,28,0,0
BRDA:536,28,1,0
BRDA:541,29,0,0
BRDA:553,30,0,0
BRDA:553,30,1,0
BRDA:554,31,0,0
BRDA:554,31,1,0
BRDA:556,32,0,0
BRDA:556,32,1,0
BRDA:557,33,0,0
BRDA:557,33,1,0
BRDA:559,34,0,0
BRDA:560,35,0,0
BRDA:560,35,1,0
BRDA:565,36,0,0
BRDA:565,36,1,0
BRDA:566,37,0,0
BRDA:566,37,1,0
BRDA:592,38,0,0
BRDA:592,38,1,0
BRDA:607,39,0,0
BRDA:607,40,0,0
BRDA:607,40,1,0
BRDA:614,41,0,0
BRDA:614,41,1,0
BRDA:638,42,0,0
BRDA:638,42,1,0
BRDA:638,43,0,0
BRDA:638,43,1,0
BRDA:642,44,0,0
BRDA:649,45,0,0
BRDA:669,46,0,0
BRDA:669,46,1,0
BRDA:715,47,0,0
BRDA:766,48,0,0
BRDA:766,48,1,0
BRDA:794,49,0,0
BRDA:794,50,0,0
BRDA:794,50,1,0
BRDA:811,51,0,0
BRF:100
BRH:0
end_of_record
